[debug] [2025-10-30T14:03:09.346Z] ----------------------------------------------------------------------
[debug] [2025-10-30T14:03:09.359Z] Command:       /home/funmilayo/.nvm/versions/node/v22.17.0/bin/node /home/funmilayo/.nvm/versions/node/v22.17.0/bin/firebase init
[debug] [2025-10-30T14:03:09.360Z] CLI Version:   14.12.1
[debug] [2025-10-30T14:03:09.360Z] Platform:      linux
[debug] [2025-10-30T14:03:09.360Z] Node Version:  v22.17.0
[debug] [2025-10-30T14:03:09.360Z] Time:          Thu Oct 30 2025 15:03:09 GMT+0100 (West Africa Standard Time)
[debug] [2025-10-30T14:03:09.361Z] ----------------------------------------------------------------------
[debug] 
[debug] [2025-10-30T14:03:09.363Z] >>> [apiv2][query] GET https://firebase-public.firebaseio.com/cli.json [none]
[debug] [2025-10-30T14:03:09.464Z] > command requires scopes: ["email","openid","https://www.googleapis.com/auth/cloudplatformprojects.readonly","https://www.googleapis.com/auth/firebase","https://www.googleapis.com/auth/cloud-platform"]
[debug] [2025-10-30T14:03:09.464Z] > authorizing via signed-in user (funmmy565@gmail.com)
[info] 
     ######## #### ########  ######## ########     ###     ######  ########
     ##        ##  ##     ## ##       ##     ##  ##   ##  ##       ##
     ######    ##  ########  ######   ########  #########  ######  ######
     ##        ##  ##    ##  ##       ##     ## ##     ##       ## ##
     ##       #### ##     ## ######## ########  ##     ##  ######  ########

You're about to initialize a Firebase project in this directory:

  /home/funmilayo/Desktop/Personal/marqetplace

[debug] [2025-10-30T14:03:09.504Z] *** [apiv2] error from fetch(https://firebase-public.firebaseio.com/cli.json, {"headers":{},"method":"GET"}): FetchError: request to https://firebase-public.firebaseio.com/cli.json failed, reason: getaddrinfo ENOTFOUND firebase-public.firebaseio.com
[warn] ⚠  Unable to fetch the CLI MOTD and remote config. This is not a fatal error, but may indicate an issue with your network connection. 
[debug] [2025-10-30T14:03:09.509Z] Failed to fetch MOTD FirebaseError: Failed to make request to https://firebase-public.firebaseio.com/cli.json
